<?xml version="1.0" encoding="UTF-8"?>
<!-- Generated by org.testng.reporters.JUnitXMLReporter -->
<testsuite hostname="MacBook-Pro.local" ignored="0" name="Default test" tests="3" failures="0" timestamp="06 Nov 2020 01:08:39 GMT" time="6.407" errors="0">
  <testcase name="verifyTitle" time="0.692" classname="com.qa.crmpro.tests.LoginPageTest"/>
  <testcase name="crmLinkTest" time="0.419" classname="com.qa.crmpro.tests.LoginPageTest"/>
  <testcase name="loginTest" time="0.689" classname="com.qa.crmpro.tests.LoginPageTest"/>
</testsuite> <!-- Default test -->
