<?xml version="1.0" encoding="UTF-8"?>
<testng-results skipped="0" failed="0" ignored="0" total="3" passed="3">
  <reporter-output>
  </reporter-output>
  <suite name="Default suite" duration-ms="6407" started-at="2020-11-06T01:08:33Z" finished-at="2020-11-06T01:08:39Z">
    <groups>
    </groups>
    <test name="Default test" duration-ms="6407" started-at="2020-11-06T01:08:33Z" finished-at="2020-11-06T01:08:39Z">
      <class name="com.qa.crmpro.tests.LoginPageTest">
        <test-method status="PASS" signature="setLog4j()[pri:0, instance:com.qa.crmpro.tests.LoginPageTest@5c5a1b69]" name="setLog4j" is-config="true" duration-ms="9" started-at="2020-11-06T01:08:33Z" finished-at="2020-11-06T01:08:33Z">
          <reporter-output>
          </reporter-output>
        </test-method> <!-- setLog4j -->
        <test-method status="PASS" signature="setUp()[pri:0, instance:com.qa.crmpro.tests.LoginPageTest@5c5a1b69]" name="setUp" is-config="true" duration-ms="4497" started-at="2020-11-06T01:08:33Z" depends-on-methods="com.qa.crmpro.base.BasePage.setLog4j" finished-at="2020-11-06T01:08:37Z">
          <reporter-output>
          </reporter-output>
        </test-method> <!-- setUp -->
        <test-method status="PASS" signature="verifyTitle()[pri:1, instance:com.qa.crmpro.tests.LoginPageTest@5c5a1b69]" name="verifyTitle" duration-ms="692" started-at="2020-11-06T01:08:37Z" finished-at="2020-11-06T01:08:38Z">
          <reporter-output>
          </reporter-output>
        </test-method> <!-- verifyTitle -->
        <test-method status="PASS" signature="crmLinkTest()[pri:2, instance:com.qa.crmpro.tests.LoginPageTest@5c5a1b69]" name="crmLinkTest" duration-ms="419" started-at="2020-11-06T01:08:38Z" finished-at="2020-11-06T01:08:38Z">
          <reporter-output>
          </reporter-output>
        </test-method> <!-- crmLinkTest -->
        <test-method status="PASS" signature="loginTest()[pri:3, instance:com.qa.crmpro.tests.LoginPageTest@5c5a1b69]" name="loginTest" duration-ms="689" started-at="2020-11-06T01:08:38Z" finished-at="2020-11-06T01:08:39Z">
          <reporter-output>
          </reporter-output>
        </test-method> <!-- loginTest -->
        <test-method status="PASS" signature="tearDown()[pri:0, instance:com.qa.crmpro.tests.LoginPageTest@5c5a1b69]" name="tearDown" is-config="true" duration-ms="83" started-at="2020-11-06T01:08:39Z" finished-at="2020-11-06T01:08:39Z">
          <reporter-output>
          </reporter-output>
        </test-method> <!-- tearDown -->
      </class> <!-- com.qa.crmpro.tests.LoginPageTest -->
    </test> <!-- Default test -->
  </suite> <!-- Default suite -->
</testng-results>
